2014-06-07 12:47:44,567 DEBUG [BookstoreServiceTest] - =====================================================================
2014-06-07 12:47:44,568 DEBUG [BookstoreServiceTest] -  
2014-06-07 12:47:44,656 DEBUG [DocumentProvider] - Unable to retrieve config: expandEntityReferences defaults to true
2014-06-07 12:47:44,658 DEBUG [DocumentProvider] - Unable to retrieve config: expandEntityReferences defaults to true
2014-06-07 12:47:44,908 DEBUG [BasicClientConnectionManager] - Get connection for route {}->http://localhost:8080
2014-06-07 12:47:44,916 DEBUG [DefaultClientConnectionOperator] - Connecting to localhost:8080
2014-06-07 12:47:44,929 DEBUG [RequestAddCookies] - CookieSpec selected: best-match
2014-06-07 12:47:44,936 DEBUG [RequestAuthCache] - Auth cache not set in the context
2014-06-07 12:47:44,936 DEBUG [RequestTargetAuthentication] - Target auth state: UNCHALLENGED
2014-06-07 12:47:44,936 DEBUG [RequestProxyAuthentication] - Proxy auth state: UNCHALLENGED
2014-06-07 12:47:44,936 DEBUG [DefaultHttpClient] - Attempt 1 to execute request
2014-06-07 12:47:44,936 DEBUG [DefaultClientConnection] - Sending request: GET /RESTfulBookstore/bookstoreService/customers HTTP/1.1
2014-06-07 12:47:44,937 DEBUG [wire] - >> "GET /RESTfulBookstore/bookstoreService/customers HTTP/1.1[\r][\n]"
2014-06-07 12:47:44,938 DEBUG [wire] - >> "Accept-Encoding: gzip, deflate[\r][\n]"
2014-06-07 12:47:44,938 DEBUG [wire] - >> "Host: localhost:8080[\r][\n]"
2014-06-07 12:47:44,938 DEBUG [wire] - >> "Connection: Keep-Alive[\r][\n]"
2014-06-07 12:47:44,938 DEBUG [wire] - >> "[\r][\n]"
2014-06-07 12:47:44,938 DEBUG [headers] - >> GET /RESTfulBookstore/bookstoreService/customers HTTP/1.1
2014-06-07 12:47:44,938 DEBUG [headers] - >> Accept-Encoding: gzip, deflate
2014-06-07 12:47:44,938 DEBUG [headers] - >> Host: localhost:8080
2014-06-07 12:47:44,938 DEBUG [headers] - >> Connection: Keep-Alive
2014-06-07 12:47:45,289 DEBUG [wire] - << "HTTP/1.1 200 OK[\r][\n]"
2014-06-07 12:47:45,290 DEBUG [wire] - << "Server: Apache-Coyote/1.1[\r][\n]"
2014-06-07 12:47:45,290 DEBUG [wire] - << "Content-Type: application/*[\r][\n]"
2014-06-07 12:47:45,290 DEBUG [wire] - << "Content-Length: 489[\r][\n]"
2014-06-07 12:47:45,290 DEBUG [wire] - << "Date: Sat, 07 Jun 2014 11:47:44 GMT[\r][\n]"
2014-06-07 12:47:45,290 DEBUG [wire] - << "[\r][\n]"
2014-06-07 12:47:45,291 DEBUG [DefaultClientConnection] - Receiving response: HTTP/1.1 200 OK
2014-06-07 12:47:45,291 DEBUG [headers] - << HTTP/1.1 200 OK
2014-06-07 12:47:45,291 DEBUG [headers] - << Server: Apache-Coyote/1.1
2014-06-07 12:47:45,291 DEBUG [headers] - << Content-Type: application/*
2014-06-07 12:47:45,291 DEBUG [headers] - << Content-Length: 489
2014-06-07 12:47:45,291 DEBUG [headers] - << Date: Sat, 07 Jun 2014 11:47:44 GMT
2014-06-07 12:47:45,294 DEBUG [DefaultHttpClient] - Connection can be kept alive indefinitely
2014-06-07 12:47:45,300 DEBUG [wire] - << "- !!com.prodcod.domain.Customer {email: nflanders@springfield.com, forename: ned,[\n]"
2014-06-07 12:47:45,300 DEBUG [wire] - << "  lastname: flanders, mobileNumber: 0781 777 888, password: maude, userId: 2}[\n]"
2014-06-07 12:47:45,300 DEBUG [wire] - << "- !!com.prodcod.domain.Customer {email: hsimpson@springfield.com, forename: homer,[\n]"
2014-06-07 12:47:45,300 DEBUG [wire] - << "  lastname: simpson, mobileNumber: 0781 123 456, password: marge, userId: 1}[\n]"
2014-06-07 12:47:45,300 DEBUG [wire] - << "- !!com.prodcod.domain.Customer {email: mburns@springfield.com, forename: monty, lastname: burns,[\n]"
2014-06-07 12:47:45,300 DEBUG [wire] - << "  mobileNumber: 0781 $$$ $$$, password: release the hounds, userId: 3}[\n]"
2014-06-07 12:47:45,300 DEBUG [BasicClientConnectionManager] - Releasing connection org.apache.http.impl.conn.ManagedClientConnectionImpl@3b926e90
2014-06-07 12:47:45,300 DEBUG [BasicClientConnectionManager] - Connection can be kept alive indefinitely
2014-06-07 12:47:45,303 DEBUG [BookstoreServiceTest] - =====================================================================
2014-06-07 12:47:45,303 DEBUG [BookstoreServiceTest] -  
2014-06-07 12:47:45,311 DEBUG [DocumentProvider] - Unable to retrieve config: expandEntityReferences defaults to true
2014-06-07 12:47:45,313 DEBUG [DocumentProvider] - Unable to retrieve config: expandEntityReferences defaults to true
2014-06-07 12:47:45,329 DEBUG [BasicClientConnectionManager] - Get connection for route {}->http://localhost:8080
2014-06-07 12:47:45,329 DEBUG [DefaultClientConnectionOperator] - Connecting to localhost:8080
2014-06-07 12:47:45,330 DEBUG [RequestAddCookies] - CookieSpec selected: best-match
2014-06-07 12:47:45,330 DEBUG [RequestAuthCache] - Auth cache not set in the context
2014-06-07 12:47:45,330 DEBUG [RequestTargetAuthentication] - Target auth state: UNCHALLENGED
2014-06-07 12:47:45,330 DEBUG [RequestProxyAuthentication] - Proxy auth state: UNCHALLENGED
2014-06-07 12:47:45,330 DEBUG [DefaultHttpClient] - Attempt 1 to execute request
2014-06-07 12:47:45,330 DEBUG [DefaultClientConnection] - Sending request: GET /RESTfulBookstore/bookstoreService/order/2 HTTP/1.1
2014-06-07 12:47:45,330 DEBUG [wire] - >> "GET /RESTfulBookstore/bookstoreService/order/2 HTTP/1.1[\r][\n]"
2014-06-07 12:47:45,331 DEBUG [wire] - >> "Accept-Encoding: gzip, deflate[\r][\n]"
2014-06-07 12:47:45,331 DEBUG [wire] - >> "Host: localhost:8080[\r][\n]"
2014-06-07 12:47:45,331 DEBUG [wire] - >> "Connection: Keep-Alive[\r][\n]"
2014-06-07 12:47:45,331 DEBUG [wire] - >> "[\r][\n]"
2014-06-07 12:47:45,331 DEBUG [headers] - >> GET /RESTfulBookstore/bookstoreService/order/2 HTTP/1.1
2014-06-07 12:47:45,331 DEBUG [headers] - >> Accept-Encoding: gzip, deflate
2014-06-07 12:47:45,331 DEBUG [headers] - >> Host: localhost:8080
2014-06-07 12:47:45,331 DEBUG [headers] - >> Connection: Keep-Alive
2014-06-07 12:47:45,334 DEBUG [wire] - << "HTTP/1.1 200 OK[\r][\n]"
2014-06-07 12:47:45,335 DEBUG [wire] - << "Server: Apache-Coyote/1.1[\r][\n]"
2014-06-07 12:47:45,335 DEBUG [wire] - << "Content-Type: application/*[\r][\n]"
2014-06-07 12:47:45,335 DEBUG [wire] - << "Content-Length: 40[\r][\n]"
2014-06-07 12:47:45,335 DEBUG [wire] - << "Date: Sat, 07 Jun 2014 11:47:44 GMT[\r][\n]"
2014-06-07 12:47:45,335 DEBUG [wire] - << "[\r][\n]"
2014-06-07 12:47:45,335 DEBUG [DefaultClientConnection] - Receiving response: HTTP/1.1 200 OK
2014-06-07 12:47:45,335 DEBUG [headers] - << HTTP/1.1 200 OK
2014-06-07 12:47:45,335 DEBUG [headers] - << Server: Apache-Coyote/1.1
2014-06-07 12:47:45,335 DEBUG [headers] - << Content-Type: application/*
2014-06-07 12:47:45,335 DEBUG [headers] - << Content-Length: 40
2014-06-07 12:47:45,335 DEBUG [headers] - << Date: Sat, 07 Jun 2014 11:47:44 GMT
2014-06-07 12:47:45,336 DEBUG [DefaultHttpClient] - Connection can be kept alive indefinitely
2014-06-07 12:47:45,336 DEBUG [wire] - << "!!com.prodcod.domain.Order {orderId: 2}[\n]"
2014-06-07 12:47:45,337 DEBUG [BasicClientConnectionManager] - Releasing connection org.apache.http.impl.conn.ManagedClientConnectionImpl@44b09697
2014-06-07 12:47:45,337 DEBUG [BasicClientConnectionManager] - Connection can be kept alive indefinitely
2014-06-07 12:47:45,337 DEBUG [BookstoreServiceTest] - =====================================================================
2014-06-07 12:47:45,337 DEBUG [BookstoreServiceTest] -  
2014-06-07 12:47:45,346 DEBUG [DocumentProvider] - Unable to retrieve config: expandEntityReferences defaults to true
2014-06-07 12:47:45,348 DEBUG [DocumentProvider] - Unable to retrieve config: expandEntityReferences defaults to true
2014-06-07 12:47:45,370 DEBUG [DefaultClientConnection] - Connection 0.0.0.0:51577<->127.0.0.1:8080 closed
2014-06-07 12:47:45,370 DEBUG [DefaultClientConnection] - Connection 0.0.0.0:51578<->127.0.0.1:8080 closed
2014-06-07 12:47:45,374 DEBUG [BookstoreServiceTest] - =====================================================================
2014-06-07 12:47:45,375 DEBUG [BookstoreServiceTest] -  
2014-06-07 12:47:45,383 DEBUG [DocumentProvider] - Unable to retrieve config: expandEntityReferences defaults to true
2014-06-07 12:47:45,385 DEBUG [DocumentProvider] - Unable to retrieve config: expandEntityReferences defaults to true
2014-06-07 12:47:45,398 DEBUG [BasicClientConnectionManager] - Get connection for route {}->http://localhost:8080
2014-06-07 12:47:45,398 DEBUG [DefaultClientConnectionOperator] - Connecting to localhost:8080
2014-06-07 12:47:45,399 DEBUG [RequestAddCookies] - CookieSpec selected: best-match
2014-06-07 12:47:45,399 DEBUG [RequestAuthCache] - Auth cache not set in the context
2014-06-07 12:47:45,399 DEBUG [RequestTargetAuthentication] - Target auth state: UNCHALLENGED
2014-06-07 12:47:45,399 DEBUG [RequestProxyAuthentication] - Proxy auth state: UNCHALLENGED
2014-06-07 12:47:45,399 DEBUG [DefaultHttpClient] - Attempt 1 to execute request
2014-06-07 12:47:45,399 DEBUG [DefaultClientConnection] - Sending request: GET /RESTfulBookstore/bookstoreService/customer/orders/2 HTTP/1.1
2014-06-07 12:47:45,399 DEBUG [wire] - >> "GET /RESTfulBookstore/bookstoreService/customer/orders/2 HTTP/1.1[\r][\n]"
2014-06-07 12:47:45,399 DEBUG [wire] - >> "Accept-Encoding: gzip, deflate[\r][\n]"
2014-06-07 12:47:45,399 DEBUG [wire] - >> "Host: localhost:8080[\r][\n]"
2014-06-07 12:47:45,399 DEBUG [wire] - >> "Connection: Keep-Alive[\r][\n]"
2014-06-07 12:47:45,399 DEBUG [wire] - >> "[\r][\n]"
2014-06-07 12:47:45,399 DEBUG [headers] - >> GET /RESTfulBookstore/bookstoreService/customer/orders/2 HTTP/1.1
2014-06-07 12:47:45,399 DEBUG [headers] - >> Accept-Encoding: gzip, deflate
2014-06-07 12:47:45,399 DEBUG [headers] - >> Host: localhost:8080
2014-06-07 12:47:45,400 DEBUG [headers] - >> Connection: Keep-Alive
2014-06-07 12:47:45,401 DEBUG [wire] - << "HTTP/1.1 200 OK[\r][\n]"
2014-06-07 12:47:45,402 DEBUG [wire] - << "Server: Apache-Coyote/1.1[\r][\n]"
2014-06-07 12:47:45,402 DEBUG [wire] - << "Content-Type: application/*[\r][\n]"
2014-06-07 12:47:45,402 DEBUG [wire] - << "Content-Length: 84[\r][\n]"
2014-06-07 12:47:45,402 DEBUG [wire] - << "Date: Sat, 07 Jun 2014 11:47:44 GMT[\r][\n]"
2014-06-07 12:47:45,402 DEBUG [wire] - << "[\r][\n]"
2014-06-07 12:47:45,402 DEBUG [DefaultClientConnection] - Receiving response: HTTP/1.1 200 OK
2014-06-07 12:47:45,402 DEBUG [headers] - << HTTP/1.1 200 OK
2014-06-07 12:47:45,402 DEBUG [headers] - << Server: Apache-Coyote/1.1
2014-06-07 12:47:45,402 DEBUG [headers] - << Content-Type: application/*
2014-06-07 12:47:45,402 DEBUG [headers] - << Content-Length: 84
2014-06-07 12:47:45,402 DEBUG [headers] - << Date: Sat, 07 Jun 2014 11:47:44 GMT
2014-06-07 12:47:45,402 DEBUG [DefaultHttpClient] - Connection can be kept alive indefinitely
2014-06-07 12:47:45,403 DEBUG [wire] - << "- !!com.prodcod.domain.Order {orderId: 3}[\n]"
2014-06-07 12:47:45,403 DEBUG [wire] - << "- !!com.prodcod.domain.Order {orderId: 4}[\n]"
2014-06-07 12:47:45,403 DEBUG [BasicClientConnectionManager] - Releasing connection org.apache.http.impl.conn.ManagedClientConnectionImpl@1638fff7
2014-06-07 12:47:45,403 DEBUG [BasicClientConnectionManager] - Connection can be kept alive indefinitely
2014-06-07 12:47:45,404 DEBUG [BookstoreServiceTest] - =====================================================================
2014-06-07 12:47:45,404 DEBUG [BookstoreServiceTest] -  
2014-06-07 12:47:45,412 DEBUG [DocumentProvider] - Unable to retrieve config: expandEntityReferences defaults to true
2014-06-07 12:47:45,413 DEBUG [DocumentProvider] - Unable to retrieve config: expandEntityReferences defaults to true
2014-06-07 12:47:45,424 DEBUG [BookstoreServiceTest] - Retrieving details for customer 1
2014-06-07 12:47:45,425 DEBUG [BasicClientConnectionManager] - Get connection for route {}->http://localhost:8080
2014-06-07 12:47:45,425 DEBUG [DefaultClientConnectionOperator] - Connecting to localhost:8080
2014-06-07 12:47:45,426 DEBUG [RequestAddCookies] - CookieSpec selected: best-match
2014-06-07 12:47:45,426 DEBUG [RequestAuthCache] - Auth cache not set in the context
2014-06-07 12:47:45,426 DEBUG [RequestTargetAuthentication] - Target auth state: UNCHALLENGED
2014-06-07 12:47:45,426 DEBUG [RequestProxyAuthentication] - Proxy auth state: UNCHALLENGED
2014-06-07 12:47:45,426 DEBUG [DefaultHttpClient] - Attempt 1 to execute request
2014-06-07 12:47:45,426 DEBUG [DefaultClientConnection] - Sending request: GET /RESTfulBookstore/bookstoreService/customer/1 HTTP/1.1
2014-06-07 12:47:45,426 DEBUG [wire] - >> "GET /RESTfulBookstore/bookstoreService/customer/1 HTTP/1.1[\r][\n]"
2014-06-07 12:47:45,426 DEBUG [wire] - >> "Accept-Encoding: gzip, deflate[\r][\n]"
2014-06-07 12:47:45,426 DEBUG [wire] - >> "Host: localhost:8080[\r][\n]"
2014-06-07 12:47:45,426 DEBUG [wire] - >> "Connection: Keep-Alive[\r][\n]"
2014-06-07 12:47:45,426 DEBUG [wire] - >> "[\r][\n]"
2014-06-07 12:47:45,426 DEBUG [headers] - >> GET /RESTfulBookstore/bookstoreService/customer/1 HTTP/1.1
2014-06-07 12:47:45,426 DEBUG [headers] - >> Accept-Encoding: gzip, deflate
2014-06-07 12:47:45,427 DEBUG [headers] - >> Host: localhost:8080
2014-06-07 12:47:45,427 DEBUG [headers] - >> Connection: Keep-Alive
2014-06-07 12:47:45,429 DEBUG [wire] - << "HTTP/1.1 200 OK[\r][\n]"
2014-06-07 12:47:45,429 DEBUG [wire] - << "Server: Apache-Coyote/1.1[\r][\n]"
2014-06-07 12:47:45,429 DEBUG [wire] - << "Content-Type: application/*[\r][\n]"
2014-06-07 12:47:45,429 DEBUG [wire] - << "Content-Length: 158[\r][\n]"
2014-06-07 12:47:45,429 DEBUG [wire] - << "Date: Sat, 07 Jun 2014 11:47:44 GMT[\r][\n]"
2014-06-07 12:47:45,429 DEBUG [wire] - << "[\r][\n]"
2014-06-07 12:47:45,429 DEBUG [DefaultClientConnection] - Receiving response: HTTP/1.1 200 OK
2014-06-07 12:47:45,429 DEBUG [headers] - << HTTP/1.1 200 OK
2014-06-07 12:47:45,430 DEBUG [headers] - << Server: Apache-Coyote/1.1
2014-06-07 12:47:45,430 DEBUG [headers] - << Content-Type: application/*
2014-06-07 12:47:45,430 DEBUG [headers] - << Content-Length: 158
2014-06-07 12:47:45,430 DEBUG [headers] - << Date: Sat, 07 Jun 2014 11:47:44 GMT
2014-06-07 12:47:45,430 DEBUG [DefaultHttpClient] - Connection can be kept alive indefinitely
2014-06-07 12:47:45,430 DEBUG [wire] - << "!!com.prodcod.domain.Customer {email: hsimpson@springfield.com, forename: homer, lastname: simpson,[\n]"
2014-06-07 12:47:45,430 DEBUG [wire] - << "  mobileNumber: 0781 123 456, password: marge, userId: 1}[\n]"
2014-06-07 12:47:45,430 DEBUG [BasicClientConnectionManager] - Releasing connection org.apache.http.impl.conn.ManagedClientConnectionImpl@782cbc86
2014-06-07 12:47:45,430 DEBUG [BasicClientConnectionManager] - Connection can be kept alive indefinitely
2014-06-07 12:47:45,431 DEBUG [BookstoreServiceTest] - =====================================================================
2014-06-07 12:47:45,431 DEBUG [BookstoreServiceTest] -  
2014-06-07 12:47:45,446 DEBUG [DocumentProvider] - Unable to retrieve config: expandEntityReferences defaults to true
2014-06-07 12:47:45,447 DEBUG [DocumentProvider] - Unable to retrieve config: expandEntityReferences defaults to true
2014-06-07 12:47:45,459 DEBUG [BookstoreServiceTest] - Retrieving details for customer 1
2014-06-07 12:47:45,460 DEBUG [BasicClientConnectionManager] - Get connection for route {}->http://localhost:8080
2014-06-07 12:47:45,460 DEBUG [DefaultClientConnectionOperator] - Connecting to localhost:8080
2014-06-07 12:47:45,461 DEBUG [RequestAddCookies] - CookieSpec selected: best-match
2014-06-07 12:47:45,461 DEBUG [RequestAuthCache] - Auth cache not set in the context
2014-06-07 12:47:45,461 DEBUG [RequestTargetAuthentication] - Target auth state: UNCHALLENGED
2014-06-07 12:47:45,461 DEBUG [RequestProxyAuthentication] - Proxy auth state: UNCHALLENGED
2014-06-07 12:47:45,461 DEBUG [DefaultHttpClient] - Attempt 1 to execute request
2014-06-07 12:47:45,461 DEBUG [DefaultClientConnection] - Sending request: GET /RESTfulBookstore/bookstoreService/customer/1 HTTP/1.1
2014-06-07 12:47:45,461 DEBUG [wire] - >> "GET /RESTfulBookstore/bookstoreService/customer/1 HTTP/1.1[\r][\n]"
2014-06-07 12:47:45,461 DEBUG [wire] - >> "Accept-Encoding: gzip, deflate[\r][\n]"
2014-06-07 12:47:45,461 DEBUG [wire] - >> "Host: localhost:8080[\r][\n]"
2014-06-07 12:47:45,461 DEBUG [wire] - >> "Connection: Keep-Alive[\r][\n]"
2014-06-07 12:47:45,461 DEBUG [wire] - >> "[\r][\n]"
2014-06-07 12:47:45,461 DEBUG [headers] - >> GET /RESTfulBookstore/bookstoreService/customer/1 HTTP/1.1
2014-06-07 12:47:45,461 DEBUG [headers] - >> Accept-Encoding: gzip, deflate
2014-06-07 12:47:45,461 DEBUG [headers] - >> Host: localhost:8080
2014-06-07 12:47:45,462 DEBUG [headers] - >> Connection: Keep-Alive
2014-06-07 12:47:45,470 DEBUG [wire] - << "HTTP/1.1 200 OK[\r][\n]"
2014-06-07 12:47:45,470 DEBUG [wire] - << "Server: Apache-Coyote/1.1[\r][\n]"
2014-06-07 12:47:45,470 DEBUG [wire] - << "Content-Type: application/*[\r][\n]"
2014-06-07 12:47:45,470 DEBUG [wire] - << "Content-Length: 158[\r][\n]"
2014-06-07 12:47:45,470 DEBUG [wire] - << "Date: Sat, 07 Jun 2014 11:47:44 GMT[\r][\n]"
2014-06-07 12:47:45,470 DEBUG [wire] - << "[\r][\n]"
2014-06-07 12:47:45,470 DEBUG [DefaultClientConnection] - Receiving response: HTTP/1.1 200 OK
2014-06-07 12:47:45,470 DEBUG [headers] - << HTTP/1.1 200 OK
2014-06-07 12:47:45,470 DEBUG [headers] - << Server: Apache-Coyote/1.1
2014-06-07 12:47:45,470 DEBUG [headers] - << Content-Type: application/*
2014-06-07 12:47:45,470 DEBUG [headers] - << Content-Length: 158
2014-06-07 12:47:45,470 DEBUG [headers] - << Date: Sat, 07 Jun 2014 11:47:44 GMT
2014-06-07 12:47:45,470 DEBUG [DefaultHttpClient] - Connection can be kept alive indefinitely
2014-06-07 12:47:45,475 DEBUG [wire] - << "!!com.prodcod.domain.Customer {email: hsimpson@springfield.com, forename: homer, lastname: simpson,[\n]"
2014-06-07 12:47:45,475 DEBUG [wire] - << "  mobileNumber: 0781 123 456, password: marge, userId: 1}[\n]"
2014-06-07 12:47:45,475 DEBUG [BasicClientConnectionManager] - Releasing connection org.apache.http.impl.conn.ManagedClientConnectionImpl@4b2dd538
2014-06-07 12:47:45,475 DEBUG [BasicClientConnectionManager] - Connection can be kept alive indefinitely
2014-06-07 12:47:45,476 DEBUG [BookstoreServiceTest] - =====================================================================
2014-06-07 12:47:45,476 DEBUG [BookstoreServiceTest] -  
2014-06-07 12:47:45,490 DEBUG [DocumentProvider] - Unable to retrieve config: expandEntityReferences defaults to true
2014-06-07 12:47:45,492 DEBUG [DocumentProvider] - Unable to retrieve config: expandEntityReferences defaults to true
2014-06-07 12:47:45,504 DEBUG [BasicClientConnectionManager] - Get connection for route {}->http://localhost:8080
2014-06-07 12:47:45,504 DEBUG [DefaultClientConnectionOperator] - Connecting to localhost:8080
2014-06-07 12:47:45,504 DEBUG [RequestAddCookies] - CookieSpec selected: best-match
2014-06-07 12:47:45,505 DEBUG [RequestAuthCache] - Auth cache not set in the context
2014-06-07 12:47:45,505 DEBUG [RequestTargetAuthentication] - Target auth state: UNCHALLENGED
2014-06-07 12:47:45,505 DEBUG [RequestProxyAuthentication] - Proxy auth state: UNCHALLENGED
2014-06-07 12:47:45,505 DEBUG [DefaultHttpClient] - Attempt 1 to execute request
2014-06-07 12:47:45,505 DEBUG [DefaultClientConnection] - Sending request: GET /RESTfulBookstore/bookstoreService/customer/2 HTTP/1.1
2014-06-07 12:47:45,505 DEBUG [wire] - >> "GET /RESTfulBookstore/bookstoreService/customer/2 HTTP/1.1[\r][\n]"
2014-06-07 12:47:45,505 DEBUG [wire] - >> "Accept-Encoding: gzip, deflate[\r][\n]"
2014-06-07 12:47:45,505 DEBUG [wire] - >> "Host: localhost:8080[\r][\n]"
2014-06-07 12:47:45,505 DEBUG [wire] - >> "Connection: Keep-Alive[\r][\n]"
2014-06-07 12:47:45,505 DEBUG [wire] - >> "[\r][\n]"
2014-06-07 12:47:45,505 DEBUG [headers] - >> GET /RESTfulBookstore/bookstoreService/customer/2 HTTP/1.1
2014-06-07 12:47:45,505 DEBUG [headers] - >> Accept-Encoding: gzip, deflate
2014-06-07 12:47:45,505 DEBUG [headers] - >> Host: localhost:8080
2014-06-07 12:47:45,505 DEBUG [headers] - >> Connection: Keep-Alive
2014-06-07 12:47:45,508 DEBUG [wire] - << "HTTP/1.1 200 OK[\r][\n]"
2014-06-07 12:47:45,509 DEBUG [wire] - << "Server: Apache-Coyote/1.1[\r][\n]"
2014-06-07 12:47:45,509 DEBUG [wire] - << "Content-Type: application/*[\r][\n]"
2014-06-07 12:47:45,509 DEBUG [wire] - << "Content-Length: 158[\r][\n]"
2014-06-07 12:47:45,509 DEBUG [wire] - << "Date: Sat, 07 Jun 2014 11:47:44 GMT[\r][\n]"
2014-06-07 12:47:45,509 DEBUG [wire] - << "[\r][\n]"
2014-06-07 12:47:45,509 DEBUG [DefaultClientConnection] - Receiving response: HTTP/1.1 200 OK
2014-06-07 12:47:45,509 DEBUG [headers] - << HTTP/1.1 200 OK
2014-06-07 12:47:45,509 DEBUG [headers] - << Server: Apache-Coyote/1.1
2014-06-07 12:47:45,509 DEBUG [headers] - << Content-Type: application/*
2014-06-07 12:47:45,509 DEBUG [headers] - << Content-Length: 158
2014-06-07 12:47:45,509 DEBUG [headers] - << Date: Sat, 07 Jun 2014 11:47:44 GMT
2014-06-07 12:47:45,509 DEBUG [DefaultHttpClient] - Connection can be kept alive indefinitely
2014-06-07 12:47:45,510 DEBUG [wire] - << "!!com.prodcod.domain.Customer {email: nflanders@springfield.com, forename: ned, lastname: flanders,[\n]"
2014-06-07 12:47:45,510 DEBUG [wire] - << "  mobileNumber: 0781 777 888, password: maude, userId: 2}[\n]"
2014-06-07 12:47:45,510 DEBUG [BasicClientConnectionManager] - Releasing connection org.apache.http.impl.conn.ManagedClientConnectionImpl@28f19d6e
2014-06-07 12:47:45,510 DEBUG [BasicClientConnectionManager] - Connection can be kept alive indefinitely
